<?xml version="1.0" encoding="UTF-8"?>
<testsuite xmlns:xsi="http://www.w3.org/2001/XMLSchema-instance" xsi:noNamespaceSchemaLocation="https://maven.apache.org/surefire/maven-surefire-plugin/xsd/surefire-test-report-3.0.xsd" version="3.0" name="com.ca.taxe_calculate.FactureServiceTest" time="0.054" tests="3" errors="0" skipped="0" failures="0">
  <properties>
[...]
</properties>
  <testcase name="testPanier1" classname="com.ca.taxe_calculate.FactureServiceTest" time="0.031">
    <system-out><![CDATA[Panier 1
 
2 livre à 12.49  : 27.48 TTC
1 CD musical à 14.99  : 17.990000000000002 TTC
3 barre de chocolat à 0.85  : 2.55 TTC

Montant des taxes : 5,50€
Total : 48,02€
]]></system-out>
  </testcase>
  <testcase name="testPanier2" classname="com.ca.taxe_calculate.FactureServiceTest" time="0.002">
    <system-out><![CDATA[
Panier 2 

2 boîte de chocolats importée à 10.0  : 21.0 TTC
3 flacon de parfum importé à 47.5  : 178.2 TTC

Montant des taxes : 36,70€
Total : 199,20€
]]></system-out>
  </testcase>
  <testcase name="testPanier3" classname="com.ca.taxe_calculate.FactureServiceTest" time="0.001">
    <system-out><![CDATA[
Panier 3 

2 flacon de parfum importé à 27.99  : 69.97999999999999 TTC
1 flacon de parfum à 18.99  : 22.79 TTC
3 boîte de pilules contre la migraine à 9.75  : 29.25 TTC
2 boîte de chocolats importée à 11.25  : 23.7 TTC

Montant des taxes : 19,00€
Total : 145,72€
]]></system-out>
  </testcase>
</testsuite>