<?xml version="1.0" encoding="UTF-8"?>
<testsuite xmlns:xsi="http://www.w3.org/2001/XMLSchema-instance" xsi:noNamespaceSchemaLocation="https://maven.apache.org/surefire/maven-surefire-plugin/xsd/surefire-test-report-3.0.xsd" version="3.0" name="com.ca.taxe_calculate.TaxCalculatorServiceTest" time="0.008" tests="5" errors="0" skipped="0" failures="0">
  <properties>
[...]
</properties>
  <testcase name="testCalculateTaxAmount_book" classname="com.ca.taxe_calculate.TaxCalculatorServiceTest" time="0.001"/>
  <testcase name="testCalculateImportTax" classname="com.ca.taxe_calculate.TaxCalculatorServiceTest" time="0.001"/>
  <testcase name="testCalculateTotalPrice" classname="com.ca.taxe_calculate.TaxCalculatorServiceTest" time="0.001"/>
  <testcase name="testRoundToNearestFiveCents" classname="com.ca.taxe_calculate.TaxCalculatorServiceTest" time="0.001"/>
  <testcase name="testCalculateTVA" classname="com.ca.taxe_calculate.TaxCalculatorServiceTest" time="0.001"/>
</testsuite>